<?xml version="1.0" encoding="UTF-8"?>
<testng-results skipped="0" failed="0" total="1" passed="1">
  <reporter-output>
  </reporter-output>
  <suite name="Default suite" duration-ms="6342" started-at="2018-03-21T13:41:12Z" finished-at="2018-03-21T13:41:18Z">
    <groups>
    </groups>
    <test name="Default test" duration-ms="6342" started-at="2018-03-21T13:41:12Z" finished-at="2018-03-21T13:41:18Z">
      <class name="aut.sample.Demo_999.AppTest">
        <test-method status="PASS" signature="test()[pri:0, instance:aut.sample.Demo_999.AppTest@215be6bb]" name="test" duration-ms="6304" started-at="2018-03-21T19:11:12Z" finished-at="2018-03-21T19:11:18Z">
          <reporter-output>
          </reporter-output>
        </test-method> <!-- test -->
      </class> <!-- aut.sample.Demo_999.AppTest -->
    </test> <!-- Default test -->
  </suite> <!-- Default suite -->
</testng-results>
